I, [2017-02-02T15:38:20.672328 #24515]  INFO -- default-centos-72: -----> Creating <default-centos-72>...
I, [2017-02-02T15:38:21.547875 #24515]  INFO -- default-centos-72: Bringing machine 'default' up with 'virtualbox' provider...
I, [2017-02-02T15:38:21.851705 #24515]  INFO -- default-centos-72: ==> default: Box 'bento/centos-7.2' could not be found. Attempting to find and install...
I, [2017-02-02T15:38:21.851834 #24515]  INFO -- default-centos-72:     default: Box Provider: virtualbox
I, [2017-02-02T15:38:21.852008 #24515]  INFO -- default-centos-72:     default: Box Version: >= 0
I, [2017-02-02T15:38:22.724648 #24515]  INFO -- default-centos-72: The box 'bento/centos-7.2' could not be found or
I, [2017-02-02T15:38:22.724724 #24515]  INFO -- default-centos-72: could not be accessed in the remote catalog. If this is a private
I, [2017-02-02T15:38:22.724743 #24515]  INFO -- default-centos-72: box on HashiCorp's Atlas, please verify you're logged in via
I, [2017-02-02T15:38:22.724757 #24515]  INFO -- default-centos-72: `vagrant login`. Also, please double-check the name. The expanded
I, [2017-02-02T15:38:22.724771 #24515]  INFO -- default-centos-72: URL and error message are shown below:
I, [2017-02-02T15:38:22.724783 #24515]  INFO -- default-centos-72: 
I, [2017-02-02T15:38:22.724796 #24515]  INFO -- default-centos-72: URL: ["https://atlas.hashicorp.com/bento/centos-7.2"]
I, [2017-02-02T15:38:22.724809 #24515]  INFO -- default-centos-72: Error: Failed to connect to atlas.hashicorp.com port 443: Connection refused
E, [2017-02-02T15:38:22.756133 #24515] ERROR -- default-centos-72: Create failed on instance <default-centos-72>.
E, [2017-02-02T15:38:22.756329 #24515] ERROR -- default-centos-72: ------Exception-------
E, [2017-02-02T15:38:22.756360 #24515] ERROR -- default-centos-72: Class: Kitchen::ShellOut::ShellCommandFailed
E, [2017-02-02T15:38:22.756379 #24515] ERROR -- default-centos-72: Message: Expected process to exit with [0], but received '1'
---- Begin output of vagrant up --no-provision --provider virtualbox ----
STDOUT: Bringing machine 'default' up with 'virtualbox' provider...
==> default: Box 'bento/centos-7.2' could not be found. Attempting to find and install...
    default: Box Provider: virtualbox
    default: Box Version: >= 0
STDERR: The box 'bento/centos-7.2' could not be found or
could not be accessed in the remote catalog. If this is a private
box on HashiCorp's Atlas, please verify you're logged in via
`vagrant login`. Also, please double-check the name. The expanded
URL and error message are shown below:

URL: ["https://atlas.hashicorp.com/bento/centos-7.2"]
Error: Failed to connect to atlas.hashicorp.com port 443: Connection refused
---- End output of vagrant up --no-provision --provider virtualbox ----
Ran vagrant up --no-provision --provider virtualbox returned 1
E, [2017-02-02T15:38:22.756396 #24515] ERROR -- default-centos-72: ----------------------
E, [2017-02-02T15:38:22.756413 #24515] ERROR -- default-centos-72: ------Backtrace-------
E, [2017-02-02T15:38:22.756429 #24515] ERROR -- default-centos-72: /opt/chefdk/embedded/lib/ruby/gems/2.3.0/gems/test-kitchen-1.14.2/lib/kitchen/shell_out.rb:71:in `rescue in run_command'
E, [2017-02-02T15:38:22.756445 #24515] ERROR -- default-centos-72: /opt/chefdk/embedded/lib/ruby/gems/2.3.0/gems/test-kitchen-1.14.2/lib/kitchen/shell_out.rb:59:in `run_command'
E, [2017-02-02T15:38:22.756461 #24515] ERROR -- default-centos-72: /opt/chefdk/embedded/lib/ruby/gems/2.3.0/gems/kitchen-vagrant-0.21.1/lib/kitchen/driver/vagrant.rb:398:in `run_command'
E, [2017-02-02T15:38:22.756477 #24515] ERROR -- default-centos-72: /opt/chefdk/embedded/lib/ruby/gems/2.3.0/gems/kitchen-vagrant-0.21.1/lib/kitchen/driver/vagrant.rb:345:in `run'
E, [2017-02-02T15:38:22.756493 #24515] ERROR -- default-centos-72: /opt/chefdk/embedded/lib/ruby/gems/2.3.0/gems/kitchen-vagrant-0.21.1/lib/kitchen/driver/vagrant.rb:429:in `run_vagrant_up'
E, [2017-02-02T15:38:22.756507 #24515] ERROR -- default-centos-72: /opt/chefdk/embedded/lib/ruby/gems/2.3.0/gems/kitchen-vagrant-0.21.1/lib/kitchen/driver/vagrant.rb:100:in `create'
E, [2017-02-02T15:38:22.756536 #24515] ERROR -- default-centos-72: /opt/chefdk/embedded/lib/ruby/gems/2.3.0/gems/test-kitchen-1.14.2/lib/kitchen/instance.rb:460:in `public_send'
E, [2017-02-02T15:38:22.756556 #24515] ERROR -- default-centos-72: /opt/chefdk/embedded/lib/ruby/gems/2.3.0/gems/test-kitchen-1.14.2/lib/kitchen/instance.rb:460:in `block in perform_action'
E, [2017-02-02T15:38:22.756580 #24515] ERROR -- default-centos-72: /opt/chefdk/embedded/lib/ruby/gems/2.3.0/gems/test-kitchen-1.14.2/lib/kitchen/instance.rb:524:in `block in synchronize_or_call'
E, [2017-02-02T15:38:22.756609 #24515] ERROR -- default-centos-72: /opt/chefdk/embedded/lib/ruby/gems/2.3.0/gems/test-kitchen-1.14.2/lib/kitchen/instance.rb:522:in `synchronize'
E, [2017-02-02T15:38:22.756633 #24515] ERROR -- default-centos-72: /opt/chefdk/embedded/lib/ruby/gems/2.3.0/gems/test-kitchen-1.14.2/lib/kitchen/instance.rb:522:in `synchronize_or_call'
E, [2017-02-02T15:38:22.756692 #24515] ERROR -- default-centos-72: /opt/chefdk/embedded/lib/ruby/gems/2.3.0/gems/test-kitchen-1.14.2/lib/kitchen/instance.rb:489:in `block in action'
E, [2017-02-02T15:38:22.756862 #24515] ERROR -- default-centos-72: /opt/chefdk/embedded/lib/ruby/2.3.0/benchmark.rb:293:in `measure'
E, [2017-02-02T15:38:22.756989 #24515] ERROR -- default-centos-72: /opt/chefdk/embedded/lib/ruby/gems/2.3.0/gems/test-kitchen-1.14.2/lib/kitchen/instance.rb:488:in `action'
E, [2017-02-02T15:38:22.757073 #24515] ERROR -- default-centos-72: /opt/chefdk/embedded/lib/ruby/gems/2.3.0/gems/test-kitchen-1.14.2/lib/kitchen/instance.rb:460:in `perform_action'
E, [2017-02-02T15:38:22.757140 #24515] ERROR -- default-centos-72: /opt/chefdk/embedded/lib/ruby/gems/2.3.0/gems/test-kitchen-1.14.2/lib/kitchen/instance.rb:370:in `create_action'
E, [2017-02-02T15:38:22.757205 #24515] ERROR -- default-centos-72: /opt/chefdk/embedded/lib/ruby/gems/2.3.0/gems/test-kitchen-1.14.2/lib/kitchen/instance.rb:359:in `block in transition_to'
E, [2017-02-02T15:38:22.757331 #24515] ERROR -- default-centos-72: /opt/chefdk/embedded/lib/ruby/gems/2.3.0/gems/test-kitchen-1.14.2/lib/kitchen/instance.rb:358:in `each'
E, [2017-02-02T15:38:22.757409 #24515] ERROR -- default-centos-72: /opt/chefdk/embedded/lib/ruby/gems/2.3.0/gems/test-kitchen-1.14.2/lib/kitchen/instance.rb:358:in `transition_to'
E, [2017-02-02T15:38:22.757502 #24515] ERROR -- default-centos-72: /opt/chefdk/embedded/lib/ruby/gems/2.3.0/gems/test-kitchen-1.14.2/lib/kitchen/instance.rb:124:in `create'
E, [2017-02-02T15:38:22.757572 #24515] ERROR -- default-centos-72: /opt/chefdk/embedded/lib/ruby/gems/2.3.0/gems/test-kitchen-1.14.2/lib/kitchen/command.rb:197:in `public_send'
E, [2017-02-02T15:38:22.757653 #24515] ERROR -- default-centos-72: /opt/chefdk/embedded/lib/ruby/gems/2.3.0/gems/test-kitchen-1.14.2/lib/kitchen/command.rb:197:in `run_action_in_thread'
E, [2017-02-02T15:38:22.758027 #24515] ERROR -- default-centos-72: /opt/chefdk/embedded/lib/ruby/gems/2.3.0/gems/test-kitchen-1.14.2/lib/kitchen/command.rb:169:in `block (2 levels) in run_action'
E, [2017-02-02T15:38:22.758151 #24515] ERROR -- default-centos-72: ----End Backtrace-----
E, [2017-02-02T15:38:22.758359 #24515] ERROR -- default-centos-72: ---Nested Exception---
E, [2017-02-02T15:38:22.758502 #24515] ERROR -- default-centos-72: Class: Mixlib::ShellOut::ShellCommandFailed
E, [2017-02-02T15:38:22.758633 #24515] ERROR -- default-centos-72: Message: Expected process to exit with [0], but received '1'
---- Begin output of vagrant up --no-provision --provider virtualbox ----
STDOUT: Bringing machine 'default' up with 'virtualbox' provider...
==> default: Box 'bento/centos-7.2' could not be found. Attempting to find and install...
    default: Box Provider: virtualbox
    default: Box Version: >= 0
STDERR: The box 'bento/centos-7.2' could not be found or
could not be accessed in the remote catalog. If this is a private
box on HashiCorp's Atlas, please verify you're logged in via
`vagrant login`. Also, please double-check the name. The expanded
URL and error message are shown below:

URL: ["https://atlas.hashicorp.com/bento/centos-7.2"]
Error: Failed to connect to atlas.hashicorp.com port 443: Connection refused
---- End output of vagrant up --no-provision --provider virtualbox ----
Ran vagrant up --no-provision --provider virtualbox returned 1
E, [2017-02-02T15:38:22.758804 #24515] ERROR -- default-centos-72: ----------------------
E, [2017-02-02T15:38:22.758971 #24515] ERROR -- default-centos-72: ------Backtrace-------
E, [2017-02-02T15:38:22.759029 #24515] ERROR -- default-centos-72: /opt/chefdk/embedded/lib/ruby/gems/2.3.0/gems/test-kitchen-1.14.2/lib/kitchen/shell_out.rb:71:in `rescue in run_command'
E, [2017-02-02T15:38:22.759108 #24515] ERROR -- default-centos-72: /opt/chefdk/embedded/lib/ruby/gems/2.3.0/gems/test-kitchen-1.14.2/lib/kitchen/shell_out.rb:59:in `run_command'
E, [2017-02-02T15:38:22.759191 #24515] ERROR -- default-centos-72: /opt/chefdk/embedded/lib/ruby/gems/2.3.0/gems/kitchen-vagrant-0.21.1/lib/kitchen/driver/vagrant.rb:398:in `run_command'
E, [2017-02-02T15:38:22.759346 #24515] ERROR -- default-centos-72: /opt/chefdk/embedded/lib/ruby/gems/2.3.0/gems/kitchen-vagrant-0.21.1/lib/kitchen/driver/vagrant.rb:345:in `run'
E, [2017-02-02T15:38:22.759389 #24515] ERROR -- default-centos-72: /opt/chefdk/embedded/lib/ruby/gems/2.3.0/gems/kitchen-vagrant-0.21.1/lib/kitchen/driver/vagrant.rb:429:in `run_vagrant_up'
E, [2017-02-02T15:38:22.759398 #24515] ERROR -- default-centos-72: /opt/chefdk/embedded/lib/ruby/gems/2.3.0/gems/kitchen-vagrant-0.21.1/lib/kitchen/driver/vagrant.rb:100:in `create'
E, [2017-02-02T15:38:22.759413 #24515] ERROR -- default-centos-72: /opt/chefdk/embedded/lib/ruby/gems/2.3.0/gems/test-kitchen-1.14.2/lib/kitchen/instance.rb:460:in `public_send'
E, [2017-02-02T15:38:22.759431 #24515] ERROR -- default-centos-72: /opt/chefdk/embedded/lib/ruby/gems/2.3.0/gems/test-kitchen-1.14.2/lib/kitchen/instance.rb:460:in `block in perform_action'
E, [2017-02-02T15:38:22.759456 #24515] ERROR -- default-centos-72: /opt/chefdk/embedded/lib/ruby/gems/2.3.0/gems/test-kitchen-1.14.2/lib/kitchen/instance.rb:524:in `block in synchronize_or_call'
E, [2017-02-02T15:38:22.759524 #24515] ERROR -- default-centos-72: /opt/chefdk/embedded/lib/ruby/gems/2.3.0/gems/test-kitchen-1.14.2/lib/kitchen/instance.rb:522:in `synchronize'
E, [2017-02-02T15:38:22.759575 #24515] ERROR -- default-centos-72: /opt/chefdk/embedded/lib/ruby/gems/2.3.0/gems/test-kitchen-1.14.2/lib/kitchen/instance.rb:522:in `synchronize_or_call'
E, [2017-02-02T15:38:22.759621 #24515] ERROR -- default-centos-72: /opt/chefdk/embedded/lib/ruby/gems/2.3.0/gems/test-kitchen-1.14.2/lib/kitchen/instance.rb:489:in `block in action'
E, [2017-02-02T15:38:22.759687 #24515] ERROR -- default-centos-72: /opt/chefdk/embedded/lib/ruby/2.3.0/benchmark.rb:293:in `measure'
E, [2017-02-02T15:38:22.759776 #24515] ERROR -- default-centos-72: /opt/chefdk/embedded/lib/ruby/gems/2.3.0/gems/test-kitchen-1.14.2/lib/kitchen/instance.rb:488:in `action'
E, [2017-02-02T15:38:22.759853 #24515] ERROR -- default-centos-72: /opt/chefdk/embedded/lib/ruby/gems/2.3.0/gems/test-kitchen-1.14.2/lib/kitchen/instance.rb:460:in `perform_action'
E, [2017-02-02T15:38:22.759906 #24515] ERROR -- default-centos-72: /opt/chefdk/embedded/lib/ruby/gems/2.3.0/gems/test-kitchen-1.14.2/lib/kitchen/instance.rb:370:in `create_action'
E, [2017-02-02T15:38:22.759959 #24515] ERROR -- default-centos-72: /opt/chefdk/embedded/lib/ruby/gems/2.3.0/gems/test-kitchen-1.14.2/lib/kitchen/instance.rb:359:in `block in transition_to'
E, [2017-02-02T15:38:22.760027 #24515] ERROR -- default-centos-72: /opt/chefdk/embedded/lib/ruby/gems/2.3.0/gems/test-kitchen-1.14.2/lib/kitchen/instance.rb:358:in `each'
E, [2017-02-02T15:38:22.760132 #24515] ERROR -- default-centos-72: /opt/chefdk/embedded/lib/ruby/gems/2.3.0/gems/test-kitchen-1.14.2/lib/kitchen/instance.rb:358:in `transition_to'
E, [2017-02-02T15:38:22.760185 #24515] ERROR -- default-centos-72: /opt/chefdk/embedded/lib/ruby/gems/2.3.0/gems/test-kitchen-1.14.2/lib/kitchen/instance.rb:124:in `create'
E, [2017-02-02T15:38:22.760205 #24515] ERROR -- default-centos-72: /opt/chefdk/embedded/lib/ruby/gems/2.3.0/gems/test-kitchen-1.14.2/lib/kitchen/command.rb:197:in `public_send'
E, [2017-02-02T15:38:22.760305 #24515] ERROR -- default-centos-72: /opt/chefdk/embedded/lib/ruby/gems/2.3.0/gems/test-kitchen-1.14.2/lib/kitchen/command.rb:197:in `run_action_in_thread'
E, [2017-02-02T15:38:22.760346 #24515] ERROR -- default-centos-72: /opt/chefdk/embedded/lib/ruby/gems/2.3.0/gems/test-kitchen-1.14.2/lib/kitchen/command.rb:169:in `block (2 levels) in run_action'
E, [2017-02-02T15:38:22.760367 #24515] ERROR -- default-centos-72: ----End Backtrace-----
